app/seeds.txt
ng.codehaven.cdc.App
ng.codehaven.cdc.App: App()
ng.codehaven.cdc.App$TrackerName: ng.codehaven.cdc.App$TrackerName[] values()
ng.codehaven.cdc.App$TrackerName: ng.codehaven.cdc.App$TrackerName valueOf(java.lang.String)
ng.codehaven.cdc.DetailsActivity
ng.codehaven.cdc.DetailsActivity: com.google.android.gms.ads.AdView mAdView
ng.codehaven.cdc.DetailsActivity: android.widget.FrameLayout mContainer
ng.codehaven.cdc.DetailsActivity: android.support.v7.widget.Toolbar mToolbar
ng.codehaven.cdc.DetailsActivity: android.widget.TextView mDescView
ng.codehaven.cdc.DetailsActivity: android.widget.TextView mCetView
ng.codehaven.cdc.DetailsActivity: DetailsActivity()
ng.codehaven.cdc.DetailsActivity$$ViewInjector
ng.codehaven.cdc.DetailsActivity$$ViewInjector: DetailsActivity$$ViewInjector()
ng.codehaven.cdc.DetailsActivity$$ViewInjector: void inject(butterknife.ButterKnife$Finder,ng.codehaven.cdc.DetailsActivity,java.lang.Object)
ng.codehaven.cdc.DetailsActivity$$ViewInjector: void reset(ng.codehaven.cdc.DetailsActivity)
ng.codehaven.cdc.HomeActivity
ng.codehaven.cdc.HomeActivity: android.widget.FrameLayout mContainer
ng.codehaven.cdc.HomeActivity: com.google.android.gms.ads.AdView mAdView
ng.codehaven.cdc.HomeActivity: android.support.v7.widget.Toolbar mToolbar
ng.codehaven.cdc.HomeActivity: android.support.v4.widget.DrawerLayout mDrawerLayout
ng.codehaven.cdc.HomeActivity: android.support.v7.widget.RecyclerView mMenuListLayout
ng.codehaven.cdc.HomeActivity: android.widget.FrameLayout mLeftLayout
ng.codehaven.cdc.HomeActivity: HomeActivity()
ng.codehaven.cdc.HomeActivity: void onClick(android.view.View)
ng.codehaven.cdc.HomeActivity$$ViewInjector
ng.codehaven.cdc.HomeActivity$$ViewInjector: HomeActivity$$ViewInjector()
ng.codehaven.cdc.HomeActivity$$ViewInjector: void inject(butterknife.ButterKnife$Finder,ng.codehaven.cdc.HomeActivity,java.lang.Object)
ng.codehaven.cdc.HomeActivity$$ViewInjector: void reset(ng.codehaven.cdc.HomeActivity)
ng.codehaven.cdc.MySuperView
ng.codehaven.cdc.MySuperView: MySuperView(android.content.Context)
ng.codehaven.cdc.MySuperView: MySuperView(android.content.Context,android.util.AttributeSet)
ng.codehaven.cdc.MySuperView: MySuperView(android.content.Context,android.util.AttributeSet,int)
ng.codehaven.cdc.R$anim: int abc_fade_in
ng.codehaven.cdc.R$anim: int abc_fade_out
ng.codehaven.cdc.R$anim: int abc_grow_fade_in_from_bottom
ng.codehaven.cdc.R$anim: int abc_shrink_fade_out_from_bottom
ng.codehaven.cdc.R$anim: int abc_slide_in_bottom
ng.codehaven.cdc.R$anim: int abc_slide_in_top
ng.codehaven.cdc.R$anim: int abc_slide_out_bottom
ng.codehaven.cdc.R$anim: int abc_slide_out_top
ng.codehaven.cdc.R$array: int menu_list
...
com.google.android.gms.games.R$string: int accept
com.google.android.gms.games.R$string: int common_android_wear_notification_needs_update_text
com.google.android.gms.games.R$string: int common_android_wear_update_text
com.google.android.gms.games.R$string: int common_android_wear_update_title
com.google.android.gms.games.R$string: int common_google_play_services_enable_button
com.google.android.gms.games.R$string: int common_google_play_services_enable_text
com.google.android.gms.games.R$string: int common_google_play_services_enable_title
com.google.android.gms.games.R$string: int common_google_play_services_error_notification_requested_by_msg
com.google.android.gms.games.R$string: int common_google_play_services_install_button
com.google.android.gms.games.R$string: int common_google_play_services_install_text_phone
com.google.android.gms.games.R$string: int common_google_play_services_install_text_tablet
com.google.android.gms.games.R$string: int common_google_play_services_install_title
com.google.android.gms.games.R$string: int common_google_play_services_invalid_account_text
com.google.android.gms.games.R$string: int common_google_play_services_invalid_account_title
com.google.android.gms.games.R$string: int common_google_play_services_needs_enabling_title
com.google.android.gms.games.R$string: int common_google_play_services_network_error_text
com.google.android.gms.games.R$string: int common_google_play_services_network_error_title
com.google.android.gms.games.R$style: int Theme_IAPTheme
com.google.android.gms.games.R$style: int WalletFragmentDefaultButtonTextAppearance
com.google.android.gms.games.R$style: int WalletFragmentDefaultDetailsHeaderTextAppearance
com.google.android.gms.games.R$style: int WalletFragmentDefaultDetailsTextAppearance
com.google.android.gms.games.R$style: int WalletFragmentDefaultStyle
com.google.android.gms.games.R$styleable: int[] AdsAttrs
com.google.android.gms.games.R$styleable: int AdsAttrs_adSize
com.google.android.gms.games.R$styleable: int AdsAttrs_adSizes
com.google.android.gms.games.R$styleable: int AdsAttrs_adUnitId
com.google.android.gms.games.R$styleable: int[] CustomWalletTheme
com.google.android.gms.games.R$styleable: int CustomWalletTheme_windowTransitionStyle
com.google.android.gms.games.R$styleable: int[] LoadingImageView
com.google.android.gms.games.R$styleable: int LoadingImageView_circleCrop
com.google.android.gms.games.R$styleable: int LoadingImageView_imageAspectRatio
com.google.android.gms.games.R$styleable: int LoadingImageView_imageAspectRatioAdjust
com.google.android.gms.games.R$styleable: int[] MapAttrs
com.google.android.gms.games.R$styleable: int MapAttrs_cameraBearing
com.google.android.gms.games.R$styleable: int MapAttrs_cameraTargetLat
com.google.android.gms.games.R$styleable: int MapAttrs_cameraTargetLng
com.google.android.gms.games.R$styleable: int MapAttrs_cameraTilt
com.google.android.gms.games.R$styleable: int MapAttrs_cameraZoom
com.google.android.gms.games.R$styleable: int MapAttrs_liteMode
com.google.android.gms.games.R$styleable: int MapAttrs_mapType
com.google.android.gms.games.R$styleable: int MapAttrs_uiCompass
com.google.android.gms.games.R$styleable: int MapAttrs_uiMapToolbar
com.google.android.gms.games.R$styleable: int MapAttrs_uiRotateGestures
com.google.android.gms.games.achievement.Achievement
com.google.android.gms.games.achievement.AchievementEntity
com.google.android.gms.games.achievement.AchievementEntity: com.google.android.gms.games.achievement.AchievementEntityCreator CREATOR
com.google.android.gms.games.achievement.AchievementRef
com.google.android.gms.games.appcontent.AppContentAction
com.google.android.gms.games.appcontent.AppContentActionEntity
com.google.android.gms.games.appcontent.AppContentActionEntity: com.google.android.gms.games.appcontent.AppContentActionEntityCreator CREATOR
com.google.android.gms.games.appcontent.AppContentActionRef
com.google.android.gms.games.appcontent.AppContentAnnotation