app/mapping.txt
ng.codehaven.cdc.App -> ng.codehaven.cdc.App:
    int GENERAL_TRACKER -> a
    java.util.HashMap mTrackers -> b
    ng.codehaven.cdc.App sInstance -> c
    void onCreate() -> onCreate
    com.google.android.gms.analytics.Tracker getTracker(ng.codehaven.cdc.App$TrackerName) -> a
ng.codehaven.cdc.App$TrackerName -> cwv:
    ng.codehaven.cdc.App$TrackerName APP_TRACKER -> a
    ng.codehaven.cdc.App$TrackerName GLOBAL_TRACKER -> b
    ng.codehaven.cdc.App$TrackerName ECOMMERCE_TRACKER -> c
    ng.codehaven.cdc.App$TrackerName[] $VALUES -> d
    ng.codehaven.cdc.App$TrackerName[] values() -> values
    ng.codehaven.cdc.App$TrackerName valueOf(java.lang.String) -> valueOf
ng.codehaven.cdc.Constants -> cww:
    int[] MENU_IMGS -> a
ng.codehaven.cdc.DetailsActivity -> ng.codehaven.cdc.DetailsActivity:
    com.google.android.gms.ads.AdView mAdView -> mAdView
    android.widget.FrameLayout mContainer -> mContainer
    android.support.v7.widget.Toolbar mToolbar -> mToolbar
    android.widget.TextView mDescView -> mDescView
    android.widget.TextView mCetView -> mCetView
    android.os.Bundle b -> n
    android.os.Bundle mItem -> o
    ng.codehaven.cdc.fragments.AddCalculateVariablesDialog frag -> p
    android.support.v4.app.FragmentManager fm -> q
    java.lang.String mCet -> r
    java.lang.String mDesc -> s
    void onCreate(android.os.Bundle) -> onCreate
    void onStart() -> onStart
    void onStop() -> onStop
    void init(android.os.Bundle) -> b
    float lengthOfString(java.lang.String) -> b
    boolean onCreateOptionsMenu(android.view.Menu) -> onCreateOptionsMenu
    boolean onOptionsItemSelected(android.view.MenuItem) -> onOptionsItemSelected
    void loadFragment(int,android.support.v4.app.Fragment) -> a
    void handleCalculateClick(android.os.Bundle) -> a
    void doCalculation(android.os.Bundle) -> c
    void onCancel() -> k
    void onCalculate(int,int,int,boolean) -> a
ng.codehaven.cdc.DetailsActivity$$ViewInjector -> ng.codehaven.cdc.DetailsActivity$$ViewInjector:
    void inject(butterknife.ButterKnife$Finder,ng.codehaven.cdc.DetailsActivity,java.lang.Object) -> inject
    void reset(ng.codehaven.cdc.DetailsActivity) -> reset
ng.codehaven.cdc.DividerItemDecoration -> cwx:
    int[] ATTRS -> a
    android.graphics.drawable.Drawable mDivider -> b
    int mOrientation -> c
    void setOrientation(int) -> a
    void onDraw(android.graphics.Canvas,android.support.v7.widget.RecyclerView) -> a
    void drawVertical(android.graphics.Canvas,android.support.v7.widget.RecyclerView) -> c
    void drawHorizontal(android.graphics.Canvas,android.support.v7.widget.RecyclerView) -> d
    void getItemOffsets(android.graphics.Rect,int,android.support.v7.widget.RecyclerView) -> a
...
com.google.android.gms.common.zzb$zzap -> aju:
    com.google.android.gms.common.zzb$zza[] zzLC -> a
com.google.android.gms.common.zzb$zzap$1 -> ajv:
    byte[] zzhN() -> b
com.google.android.gms.common.zzb$zzap$2 -> ajw:
    byte[] zzhN() -> b
com.google.android.gms.common.zzb$zzaq -> ajx:
    com.google.android.gms.common.zzb$zza[] zzLC -> a
com.google.android.gms.common.zzb$zzaq$1 -> ajy:
    byte[] zzhN() -> b
com.google.android.gms.common.zzb$zzaq$2 -> ajz:
    byte[] zzhN() -> b
com.google.android.gms.common.zzb$zzar -> aka:
    com.google.android.gms.common.zzb$zza[] zzLC -> a
com.google.android.gms.common.zzb$zzar$1 -> akb:
    byte[] zzhN() -> b
com.google.android.gms.common.zzb$zzar$2 -> akc:
    byte[] zzhN() -> b
com.google.android.gms.common.zzb$zzas -> akd:
    com.google.android.gms.common.zzb$zza[] zzLC -> a
com.google.android.gms.common.zzb$zzas$1 -> ake:
    byte[] zzhN() -> b
com.google.android.gms.common.zzb$zzas$2 -> akf:
    byte[] zzhN() -> b
com.google.android.gms.common.zzb$zzas$3 -> akg:
    byte[] zzhN() -> b
com.google.android.gms.common.zzb$zzat -> akh:
    com.google.android.gms.common.zzb$zza[] zzLC -> a
com.google.android.gms.common.zzb$zzat$1 -> aki:
    byte[] zzhN() -> b
com.google.android.gms.common.zzb$zzat$2 -> akj:
    byte[] zzhN() -> b
com.google.android.gms.common.zzb$zzau -> akk:
    com.google.android.gms.common.zzb$zza[] zzLC -> a
com.google.android.gms.common.zzb$zzau$1 -> akl:
    byte[] zzhN() -> b
com.google.android.gms.common.zzb$zzau$2 -> akm:
    byte[] zzhN() -> b
com.google.android.gms.common.zzb$zzav -> akn:
    com.google.android.gms.common.zzb$zza[] zzLC -> a
com.google.android.gms.common.zzb$zzav$1 -> ako:
    byte[] zzhN() -> b
com.google.android.gms.common.zzb$zzav$2 -> akp:
    byte[] zzhN() -> b
com.google.android.gms.common.zzb$zzaw -> akq:
    com.google.android.gms.common.zzb$zza[] zzLC -> a
com.google.android.gms.common.zzb$zzaw$1 -> akr:
    byte[] zzhN() -> b
com.google.android.gms.common.zzb$zzaw$2 -> aks:
    byte[] zzhN() -> b
com.google.android.gms.common.zzb$zzax -> akt:
    com.google.android.gms.common.zzb$zza[] zzLC -> a
com.google.android.gms.common.zzb$zzax$1 -> aku:
    byte[] zzhN() -> b
com.google.android.gms.common.zzb$zzay -> akv:
    com.google.android.gms.common.zzb$zza[] zzLC -> a
com.google.android.gms.common.zzb$zzay$1 -> akw:
    byte[] zzhN() -> b
com.google.android.gms.common.zzb$zzay$2 -> akx:
    byte[] zzhN() -> b
com.google.android.gms.common.zzb$zzaz -> aky:
    com.google.android.gms.common.zzb$zza[] zzLC -> a
com.google.android.gms.common.zzb$zzaz$1 -> akz:
    byte[] zzhN() -> b
com.google.android.gms.common.zzb$zzaz$2 -> ala:
    byte[] zzhN() -> b
com.google.android.gms.common.zzb$zzb -> alb:
    byte[] zzLz -> a
    byte[] getBytes() -> a
com.google.android.gms.common.zzb$zzba -> alc:
    com.google.android.gms.common.zzb$zza[] zzLC -> a
com.google.android.gms.common.zzb$zzba$1 -> ald:
    byte[] zzhN() -> b
com.google.android.gms.common.zzb$zzba$2 -> ale:
    byte[] zzhN() -> b
com.google.android.gms.common.zzb$zzc -> alf:
    java.lang.ref.WeakReference zzLA -> a
    java.lang.ref.WeakReference zzLB -> b
    byte[] getBytes() -> a
    byte[] zzhN() -> b
com.google.android.gms.common.zzb$zzd -> alg:
    com.google.android.gms.common.zzb$zza[] zzLC -> a
com.google.android.gms.common.zzb$zzd$1 -> alh:
    byte[] zzhN() -> b
com.google.android.gms.common.zzb$zzd$2 -> ali:
    byte[] zzhN() -> b
com.google.android.gms.common.zzb$zze -> alj:
    com.google.android.gms.common.zzb$zza[] zzLC -> a
com.google.android.gms.common.zzb$zze$1 -> alk:
    byte[] zzhN() -> b
com.google.android.gms.common.zzb$zze$2 -> all:
    byte[] zzhN() -> b
com.google.android.gms.common.zzb$zzf -> alm:
    com.google.android.gms.common.zzb$zza[] zzLC -> a
com.google.android.gms.common.zzb$zzf$1 -> aln:
    byte[] zzhN() -> b
com.google.android.gms.common.zzb$zzf$2 -> alo:
    byte[] zzhN() -> b