app/unused.txt
ng.codehaven.cdc.App:
    private static final java.lang.String PROPERTY_ID
    private static final java.lang.String TAG
    private com.android.volley.RequestQueue mRequestQueue
    49:49:public static synchronized ng.codehaven.cdc.App getInstance()
    84:88:public com.android.volley.RequestQueue getRequestQueue()
    100:105:public void addToRequestQueue(com.android.volley.Request,java.lang.String)
    114:117:public void addToRequestQueue(com.android.volley.Request)
    126:129:public void cancelPendingRequests(java.lang.Object)
ng.codehaven.cdc.BuildConfig
ng.codehaven.cdc.Constants:
    public static final double VAT
    public static final double ETLS_PERCENTAGE
    public static final double FOB_PERCENTAGE
    public static final double SURCHARGE
    public static final int INIT_LIMIT
    public static final int INIT_SKIP
    public static final java.lang.String CET_LIST_LABEL
    public static final java.lang.String APPLICATION_ID
    public static final java.lang.String APPLICATION_KEY
    public static final java.lang.String REST_KEY
    public static final java.lang.String BOOTSTRAP
    public static final java.lang.String DRAWER_PREF
    public static final java.lang.String DRAWER_OPEN_PREF
    public static final java.lang.String DRAWER_SEEN_PREF
    public static final java.lang.String API_GET_ITEMS_URL
    public static final java.lang.String API_SEARCH_URL
    public static final java.lang.String PROHIBITION_URL
    public static final java.lang.String CEMA_URL
    public static final java.lang.String CET_CLASS
    3:3:public Constants()
ng.codehaven.cdc.DetailsActivity:
    141:146:public static android.app.ActivityOptions getTransition(android.app.Activity,android.view.View)
ng.codehaven.cdc.DividerItemDecoration:
    public static final int HORIZONTAL_LIST
    public static final int VERTICAL_LIST
ng.codehaven.cdc.R
ng.codehaven.cdc.R$anim
ng.codehaven.cdc.R$array
ng.codehaven.cdc.R$attr
ng.codehaven.cdc.R$bool
ng.codehaven.cdc.R$color
ng.codehaven.cdc.R$dimen
ng.codehaven.cdc.R$drawable
ng.codehaven.cdc.R$id
ng.codehaven.cdc.R$integer
ng.codehaven.cdc.R$layout
ng.codehaven.cdc.R$menu
ng.codehaven.cdc.R$raw
ng.codehaven.cdc.R$string
ng.codehaven.cdc.R$style
ng.codehaven.cdc.R$styleable
ng.codehaven.cdc.R$xml
ng.codehaven.cdc.adapters.CetListAdapter:
    73:75:public void insert(ng.codehaven.cdc.models.Item,int)
ng.codehaven.cdc.adapters.CetListAdapter$ItemHolder:
    110:110:public android.widget.RelativeLayout getmContainer()
    114:114:public android.widget.TextView getmDescription()
    118:118:public android.widget.TextView getmCetCode()
ng.codehaven.cdc.fragments.CalcResultFragment
ng.codehaven.cdc.fragments.CalculatorFragment:
    private boolean checked
    public static final int ID
    public static final java.lang.String TITLE
    25:27:public static ng.codehaven.cdc.fragments.CalculatorFragment newInstance(android.os.Bundle)
ng.codehaven.cdc.fragments.CetListFragment:
    public static final int ID
    public static final java.lang.String TITLE
ng.codehaven.cdc.fragments.DetailFragment:
    public static final java.lang.String ARG_ID
    public static final java.lang.String ARG_CET
    public static final java.lang.String ARG_DESCRIPTION
    public static final java.lang.String ARG_IMPORT_DUTY
    public static final java.lang.String ARG_VAT
    public static final java.lang.String ARG_LEVY
    public static final java.lang.String ARG_FAV
ng.codehaven.cdc.fragments.FavoritesFragment:
    public static final int ID
    public static final java.lang.String TITLE
    private ng.codehaven.cdc.services.GetItemsService mService
ng.codehaven.cdc.interfaces.ListViewItemClick
ng.codehaven.cdc.interfaces.ServerOperations
ng.codehaven.cdc.services.GetItemsService:
    private java.lang.String[] keywords
ng.codehaven.cdc.utils.Calculator:
    9:9:public Calculator()
ng.codehaven.cdc.utils.Logger:
    13:13:public Logger()
ng.codehaven.cdc.utils.MD5
...
com.google.gson.internal.UnsafeAllocator$3
com.google.gson.internal.UnsafeAllocator$4
com.google.gson.internal.bind.ArrayTypeAdapter
com.google.gson.internal.bind.ArrayTypeAdapter$1
com.google.gson.internal.bind.CollectionTypeAdapterFactory
com.google.gson.internal.bind.CollectionTypeAdapterFactory$Adapter
com.google.gson.internal.bind.DateTypeAdapter
com.google.gson.internal.bind.DateTypeAdapter$1
com.google.gson.internal.bind.JsonTreeReader
com.google.gson.internal.bind.JsonTreeReader$1
com.google.gson.internal.bind.JsonTreeWriter
com.google.gson.internal.bind.JsonTreeWriter$1
com.google.gson.internal.bind.MapTypeAdapterFactory
com.google.gson.internal.bind.MapTypeAdapterFactory$Adapter
com.google.gson.internal.bind.ObjectTypeAdapter
com.google.gson.internal.bind.ObjectTypeAdapter$1
com.google.gson.internal.bind.ObjectTypeAdapter$2
com.google.gson.internal.bind.ReflectiveTypeAdapterFactory
com.google.gson.internal.bind.ReflectiveTypeAdapterFactory$1
com.google.gson.internal.bind.ReflectiveTypeAdapterFactory$Adapter
com.google.gson.internal.bind.ReflectiveTypeAdapterFactory$BoundField
com.google.gson.internal.bind.SqlDateTypeAdapter
com.google.gson.internal.bind.SqlDateTypeAdapter$1
com.google.gson.internal.bind.TimeTypeAdapter
com.google.gson.internal.bind.TimeTypeAdapter$1
com.google.gson.internal.bind.TypeAdapterRuntimeTypeWrapper
com.google.gson.internal.bind.TypeAdapters
com.google.gson.internal.bind.TypeAdapters$1
com.google.gson.internal.bind.TypeAdapters$10
com.google.gson.internal.bind.TypeAdapters$11
com.google.gson.internal.bind.TypeAdapters$12
com.google.gson.internal.bind.TypeAdapters$13
com.google.gson.internal.bind.TypeAdapters$14
com.google.gson.internal.bind.TypeAdapters$15
com.google.gson.internal.bind.TypeAdapters$16
com.google.gson.internal.bind.TypeAdapters$17
com.google.gson.internal.bind.TypeAdapters$18
com.google.gson.internal.bind.TypeAdapters$19
com.google.gson.internal.bind.TypeAdapters$2
com.google.gson.internal.bind.TypeAdapters$20
com.google.gson.internal.bind.TypeAdapters$21
com.google.gson.internal.bind.TypeAdapters$22
com.google.gson.internal.bind.TypeAdapters$22$1
com.google.gson.internal.bind.TypeAdapters$23
com.google.gson.internal.bind.TypeAdapters$24
com.google.gson.internal.bind.TypeAdapters$25
com.google.gson.internal.bind.TypeAdapters$26
com.google.gson.internal.bind.TypeAdapters$27
com.google.gson.internal.bind.TypeAdapters$28
com.google.gson.internal.bind.TypeAdapters$29
com.google.gson.internal.bind.TypeAdapters$3
com.google.gson.internal.bind.TypeAdapters$30
com.google.gson.internal.bind.TypeAdapters$31
com.google.gson.internal.bind.TypeAdapters$32
com.google.gson.internal.bind.TypeAdapters$4
com.google.gson.internal.bind.TypeAdapters$5
com.google.gson.internal.bind.TypeAdapters$6
com.google.gson.internal.bind.TypeAdapters$7
com.google.gson.internal.bind.TypeAdapters$8
com.google.gson.internal.bind.TypeAdapters$9
com.google.gson.internal.bind.TypeAdapters$EnumTypeAdapter
com.google.gson.reflect.TypeToken
com.google.gson.stream.JsonReader
com.google.gson.stream.JsonReader$1
com.google.gson.stream.JsonReader$2
com.google.gson.stream.JsonScope
com.google.gson.stream.JsonToken
com.google.gson.stream.JsonWriter
com.google.gson.stream.JsonWriter$1
com.google.gson.stream.MalformedJsonException
com.google.gson.stream.StringPool
com.malinskiy.superrecyclerview.BuildConfig
com.malinskiy.superrecyclerview.R:
    9:53:public R()
com.malinskiy.superrecyclerview.R$attr
com.malinskiy.superrecyclerview.R$dimen
com.malinskiy.superrecyclerview.R$id:
    30:30:public R$id()
com.malinskiy.superrecyclerview.R$layout:
    46:46:public R$layout()
com.malinskiy.superrecyclerview.R$styleable:
    53:53:public R$styleable()